# JRE version: OpenJDK Runtime Environment (8.0_242-b01) (build 1.8.0_242-release-1644-b01)
# Java VM: OpenJDK 64-Bit Server VM (25.242-b01 mixed mode windows-amd64 compressed oops)
Heap:
 PSYoungGen      total 151552K, used 38617K [0x00000000d5580000, 0x00000000e2000000, 0x0000000100000000)
  eden space 139776K, 19% used [0x00000000d5580000,0x00000000d6fbc800,0x00000000dde00000)
  from space 11776K, 99% used [0x00000000dde00000,0x00000000de979cd8,0x00000000de980000)
  to   space 16896K, 0% used [0x00000000e0f80000,0x00000000e0f80000,0x00000000e2000000)
 ParOldGen       total 67584K, used 24758K [0x0000000080000000, 0x0000000084200000, 0x00000000d5580000)
  object space 67584K, 36% used [0x0000000080000000,0x000000008182d980,0x0000000084200000)
 Metaspace       used 51043K, capacity 53082K, committed 53336K, reserved 1095680K
  class space    used 6821K, capacity 7237K, committed 7296K, reserved 1048576K
GC Heap History (10 events):
Event: 21.184 GC heap before
{Heap before GC invocations=9 (full 1):
 PSYoungGen      total 66560K, used 61062K [0x00000000d5580000, 0x00000000dcc80000, 0x0000000100000000)
  eden space 55296K, 100% used [0x00000000d5580000,0x00000000d8b80000,0x00000000d8b80000)
  from space 11264K, 51% used [0x00000000d8b80000,0x00000000d9121958,0x00000000d9680000)
  to   space 10752K, 0% used [0x00000000dc200000,0x00000000dc200000,0x00000000dcc80000)
 ParOldGen       total 48640K, used 8792K [0x0000000080000000, 0x0000000082f80000, 0x00000000d5580000)
  object space 48640K, 18% used [0x0000000080000000,0x0000000080896338,0x0000000082f80000)
 Metaspace       used 32122K, capacity 33140K, committed 33408K, reserved 1077248K
  class space    used 4374K, capacity 4643K, committed 4736K, reserved 1048576K
Event: 21.205 GC heap after
Heap after GC invocations=9 (full 1):
 PSYoungGen      total 109056K, used 8577K [0x00000000d5580000, 0x00000000dcc00000, 0x0000000100000000)
  eden space 98816K, 0% used [0x00000000d5580000,0x00000000d5580000,0x00000000db600000)
  from space 10240K, 83% used [0x00000000dc200000,0x00000000dca60590,0x00000000dcc00000)
  to   space 11264K, 0% used [0x00000000db600000,0x00000000db600000,0x00000000dc100000)
 ParOldGen       total 48640K, used 8800K [0x0000000080000000, 0x0000000082f80000, 0x00000000d5580000)
  object space 48640K, 18% used [0x0000000080000000,0x0000000080898338,0x0000000082f80000)
 Metaspace       used 32122K, capacity 33140K, committed 33408K, reserved 1077248K
  class space    used 4374K, capacity 4643K, committed 4736K, reserved 1048576K
}
Event: 23.975 GC heap before
{Heap before GC invocations=10 (full 1):
 PSYoungGen      total 109056K, used 60733K [0x00000000d5580000, 0x00000000dcc00000, 0x0000000100000000)
  eden space 98816K, 52% used [0x00000000d5580000,0x00000000d886eff8,0x00000000db600000)
  from space 10240K, 83% used [0x00000000dc200000,0x00000000dca60590,0x00000000dcc00000)
  to   space 11264K, 0% used [0x00000000db600000,0x00000000db600000,0x00000000dc100000)
 ParOldGen       total 48640K, used 8800K [0x0000000080000000, 0x0000000082f80000, 0x00000000d5580000)
  object space 48640K, 18% used [0x0000000080000000,0x0000000080898338,0x0000000082f80000)
 Metaspace       used 34244K, capacity 35380K, committed 35416K, reserved 1079296K
  class space    used 4705K, capacity 4969K, committed 4992K, reserved 1048576K
Event: 24.002 GC heap after
Heap after GC invocations=10 (full 1):
 PSYoungGen      total 110080K, used 8657K [0x00000000d5580000, 0x00000000df880000, 0x0000000100000000)
  eden space 98816K, 0% used [0x00000000d5580000,0x00000000d5580000,0x00000000db600000)
  from space 11264K, 76% used [0x00000000db600000,0x00000000dbe74678,0x00000000dc100000)
  to   space 11776K, 0% used [0x00000000ded00000,0x00000000ded00000,0x00000000df880000)
 ParOldGen       total 48640K, used 8808K [0x0000000080000000, 0x0000000082f80000, 0x00000000d5580000)
  object space 48640K, 18% used [0x0000000080000000,0x000000008089a338,0x0000000082f80000)
 Metaspace       used 34244K, capacity 35380K, committed 35416K, reserved 1079296K
  class space    used 4705K, capacity 4969K, committed 4992K, reserved 1048576K
}
Event: 24.002 GC heap before
{Heap before GC invocations=11 (full 2):
 PSYoungGen      total 110080K, used 8657K [0x00000000d5580000, 0x00000000df880000, 0x0000000100000000)
  eden space 98816K, 0% used [0x00000000d5580000,0x00000000d5580000,0x00000000db600000)
  from space 11264K, 76% used [0x00000000db600000,0x00000000dbe74678,0x00000000dc100000)
  to   space 11776K, 0% used [0x00000000ded00000,0x00000000ded00000,0x00000000df880000)
 ParOldGen       total 48640K, used 8808K [0x0000000080000000, 0x0000000082f80000, 0x00000000d5580000)
  object space 48640K, 18% used [0x0000000080000000,0x000000008089a338,0x0000000082f80000)
 Metaspace       used 34244K, capacity 35380K, committed 35416K, reserved 1079296K
  class space    used 4705K, capacity 4969K, committed 4992K, reserved 1048576K
Event: 24.205 GC heap after
Heap after GC invocations=11 (full 2):
 PSYoungGen      total 110080K, used 0K [0x00000000d5580000, 0x00000000df880000, 0x0000000100000000)
  eden space 98816K, 0% used [0x00000000d5580000,0x00000000d5580000,0x00000000db600000)
  from space 11264K, 0% used [0x00000000db600000,0x00000000db600000,0x00000000dc100000)
  to   space 11776K, 0% used [0x00000000ded00000,0x00000000ded00000,0x00000000df880000)
 ParOldGen       total 67584K, used 15072K [0x0000000080000000, 0x0000000084200000, 0x00000000d5580000)
  object space 67584K, 22% used [0x0000000080000000,0x0000000080eb8178,0x0000000084200000)
 Metaspace       used 34244K, capacity 35380K, committed 35416K, reserved 1079296K
  class space    used 4705K, capacity 4969K, committed 4992K, reserved 1048576K
}
Event: 27.929 GC heap before
{Heap before GC invocations=12 (full 2):
 PSYoungGen      total 110080K, used 98816K [0x00000000d5580000, 0x00000000df880000, 0x0000000100000000)
  eden space 98816K, 100% used [0x00000000d5580000,0x00000000db600000,0x00000000db600000)
  from space 11264K, 0% used [0x00000000db600000,0x00000000db600000,0x00000000dc100000)
  to   space 11776K, 0% used [0x00000000ded00000,0x00000000ded00000,0x00000000df880000)
 ParOldGen       total 67584K, used 15072K [0x0000000080000000, 0x0000000084200000, 0x00000000d5580000)
  object space 67584K, 22% used [0x0000000080000000,0x0000000080eb8178,0x0000000084200000)
 Metaspace       used 37603K, capacity 39148K, committed 39384K, reserved 1083392K
  class space    used 5170K, capacity 5527K, committed 5632K, reserved 1048576K
Event: 27.957 GC heap after
Heap after GC invocations=12 (full 2):
 PSYoungGen      total 140288K, used 7857K [0x00000000d5580000, 0x00000000df500000, 0x0000000100000000)
  eden space 132096K, 0% used [0x00000000d5580000,0x00000000d5580000,0x00000000dd680000)
  from space 8192K, 95% used [0x00000000ded00000,0x00000000df4ac408,0x00000000df500000)
  to   space 11776K, 0% used [0x00000000dde00000,0x00000000dde00000,0x00000000de980000)
 ParOldGen       total 67584K, used 15080K [0x0000000080000000, 0x0000000084200000, 0x00000000d5580000)
  object space 67584K, 22% used [0x0000000080000000,0x0000000080eba178,0x0000000084200000)
 Metaspace       used 37603K, capacity 39148K, committed 39384K, reserved 1083392K
  class space    used 5170K, capacity 5527K, committed 5632K, reserved 1048576K
}
Event: 35.705 GC heap before
{Heap before GC invocations=13 (full 2):
 PSYoungGen      total 140288K, used 139953K [0x00000000d5580000, 0x00000000df500000, 0x0000000100000000)
  eden space 132096K, 100% used [0x00000000d5580000,0x00000000dd680000,0x00000000dd680000)
  from space 8192K, 95% used [0x00000000ded00000,0x00000000df4ac408,0x00000000df500000)
  to   space 11776K, 0% used [0x00000000dde00000,0x00000000dde00000,0x00000000de980000)
 ParOldGen       total 67584K, used 15080K [0x0000000080000000, 0x0000000084200000, 0x00000000d5580000)
  object space 67584K, 22% used [0x0000000080000000,0x0000000080eba178,0x0000000084200000)
 Metaspace       used 50821K, capacity 52782K, committed 52952K, reserved 1095680K
  class space    used 6782K, capacity 7161K, committed 7168K, reserved 1048576K
Event: 35.764 GC heap after
Heap after GC invocations=13 (full 2):
 PSYoungGen      total 151552K, used 11751K [0x00000000d5580000, 0x00000000e2000000, 0x0000000100000000)
  eden space 139776K, 0% used [0x00000000d5580000,0x00000000d5580000,0x00000000dde00000)
  from space 11776K, 99% used [0x00000000dde00000,0x00000000de979cd8,0x00000000de980000)
  to   space 16896K, 0% used [0x00000000e0f80000,0x00000000e0f80000,0x00000000e2000000)
 ParOldGen       total 67584K, used 24758K [0x0000000080000000, 0x0000000084200000, 0x00000000d5580000)
  object space 67584K, 36% used [0x0000000080000000,0x000000008182d980,0x0000000084200000)
 Metaspace       used 50821K, capacity 52782K, committed 52952K, reserved 1095680K
  class space    used 6782K, capacity 7161K, committed 7168K, reserved 1048576K
}

