# JRE version: OpenJDK Runtime Environment (8.0_242-b01) (build 1.8.0_242-release-1644-b01)
# Java VM: OpenJDK 64-Bit Server VM (25.242-b01 mixed mode windows-amd64 compressed oops)
Heap:
 PSYoungGen      total 215552K, used 28147K [0x00000000d5580000, 0x00000000e7a80000, 0x0000000100000000)
  eden space 201728K, 7% used [0x00000000d5580000,0x00000000d63828d0,0x00000000e1a80000)
  from space 13824K, 99% used [0x00000000e2f80000,0x00000000e3cfa708,0x00000000e3d00000)
  to   space 21504K, 0% used [0x00000000e1a80000,0x00000000e1a80000,0x00000000e2f80000)
 ParOldGen       total 73216K, used 44545K [0x0000000080000000, 0x0000000084780000, 0x00000000d5580000)
  object space 73216K, 60% used [0x0000000080000000,0x0000000082b80428,0x0000000084780000)
 Metaspace       used 63881K, capacity 66814K, committed 66968K, reserved 1107968K
  class space    used 8763K, capacity 9317K, committed 9384K, reserved 1048576K
GC Heap History (10 events):
Event: 27.374 GC heap before
{Heap before GC invocations=11 (full 2):
 PSYoungGen      total 166912K, used 154112K [0x00000000d5580000, 0x00000000e3400000, 0x0000000100000000)
  eden space 154112K, 100% used [0x00000000d5580000,0x00000000dec00000,0x00000000dec00000)
  from space 12800K, 0% used [0x00000000df800000,0x00000000df800000,0x00000000e0480000)
  to   space 12288K, 0% used [0x00000000dec00000,0x00000000dec00000,0x00000000df800000)
 ParOldGen       total 73216K, used 13646K [0x0000000080000000, 0x0000000084780000, 0x00000000d5580000)
  object space 73216K, 18% used [0x0000000080000000,0x0000000080d539e0,0x0000000084780000)
 Metaspace       used 42285K, capacity 44092K, committed 44328K, reserved 1087488K
  class space    used 5758K, capacity 6135K, committed 6184K, reserved 1048576K
Event: 27.410 GC heap after
Heap after GC invocations=11 (full 2):
 PSYoungGen      total 166400K, used 12218K [0x00000000d5580000, 0x00000000e3d00000, 0x0000000100000000)
  eden space 154112K, 0% used [0x00000000d5580000,0x00000000d5580000,0x00000000dec00000)
  from space 12288K, 99% used [0x00000000dec00000,0x00000000df7ee998,0x00000000df800000)
  to   space 13824K, 0% used [0x00000000e2f80000,0x00000000e2f80000,0x00000000e3d00000)
 ParOldGen       total 73216K, used 13654K [0x0000000080000000, 0x0000000084780000, 0x00000000d5580000)
  object space 73216K, 18% used [0x0000000080000000,0x0000000080d559e0,0x0000000084780000)
 Metaspace       used 42285K, capacity 44092K, committed 44328K, reserved 1087488K
  class space    used 5758K, capacity 6135K, committed 6184K, reserved 1048576K
}
Event: 34.904 GC heap before
{Heap before GC invocations=12 (full 2):
 PSYoungGen      total 166400K, used 166330K [0x00000000d5580000, 0x00000000e3d00000, 0x0000000100000000)
  eden space 154112K, 100% used [0x00000000d5580000,0x00000000dec00000,0x00000000dec00000)
  from space 12288K, 99% used [0x00000000dec00000,0x00000000df7ee998,0x00000000df800000)
  to   space 13824K, 0% used [0x00000000e2f80000,0x00000000e2f80000,0x00000000e3d00000)
 ParOldGen       total 73216K, used 13654K [0x0000000080000000, 0x0000000084780000, 0x00000000d5580000)
  object space 73216K, 18% used [0x0000000080000000,0x0000000080d559e0,0x0000000084780000)
 Metaspace       used 54740K, capacity 56898K, committed 57128K, reserved 1097728K
  class space    used 7435K, capacity 7904K, committed 7976K, reserved 1048576K
Event: 34.960 GC heap after
Heap after GC invocations=12 (full 2):
 PSYoungGen      total 217600K, used 13804K [0x00000000d5580000, 0x00000000e4400000, 0x0000000100000000)
  eden space 203776K, 0% used [0x00000000d5580000,0x00000000d5580000,0x00000000e1c80000)
  from space 13824K, 99% used [0x00000000e2f80000,0x00000000e3cfb320,0x00000000e3d00000)
  to   space 19456K, 0% used [0x00000000e1c80000,0x00000000e1c80000,0x00000000e2f80000)
 ParOldGen       total 73216K, used 24810K [0x0000000080000000, 0x0000000084780000, 0x00000000d5580000)
  object space 73216K, 33% used [0x0000000080000000,0x000000008183a850,0x0000000084780000)
 Metaspace       used 54740K, capacity 56898K, committed 57128K, reserved 1097728K
  class space    used 7435K, capacity 7904K, committed 7976K, reserved 1048576K
}
Event: 37.620 GC heap before
{Heap before GC invocations=13 (full 2):
 PSYoungGen      total 217600K, used 66350K [0x00000000d5580000, 0x00000000e4400000, 0x0000000100000000)
  eden space 203776K, 25% used [0x00000000d5580000,0x00000000d88d0858,0x00000000e1c80000)
  from space 13824K, 99% used [0x00000000e2f80000,0x00000000e3cfb320,0x00000000e3d00000)
  to   space 19456K, 0% used [0x00000000e1c80000,0x00000000e1c80000,0x00000000e2f80000)
 ParOldGen       total 73216K, used 24810K [0x0000000080000000, 0x0000000084780000, 0x00000000d5580000)
  object space 73216K, 33% used [0x0000000080000000,0x000000008183a850,0x0000000084780000)
 Metaspace       used 56771K, capacity 59086K, committed 59160K, reserved 1099776K
  class space    used 7748K, capacity 8219K, committed 8232K, reserved 1048576K
Event: 37.726 GC heap after
Heap after GC invocations=13 (full 2):
 PSYoungGen      total 223232K, used 4794K [0x00000000d5580000, 0x00000000e4400000, 0x0000000100000000)
  eden space 203776K, 0% used [0x00000000d5580000,0x00000000d5580000,0x00000000e1c80000)
  from space 19456K, 24% used [0x00000000e1c80000,0x00000000e212e858,0x00000000e2f80000)
  to   space 13824K, 0% used [0x00000000e2f80000,0x00000000e2f80000,0x00000000e3d00000)
 ParOldGen       total 73216K, used 38625K [0x0000000080000000, 0x0000000084780000, 0x00000000d5580000)
  object space 73216K, 52% used [0x0000000080000000,0x00000000825b8530,0x0000000084780000)
 Metaspace       used 56771K, capacity 59086K, committed 59160K, reserved 1099776K
  class space    used 7748K, capacity 8219K, committed 8232K, reserved 1048576K
}
Event: 37.726 GC heap before
{Heap before GC invocations=14 (full 3):
 PSYoungGen      total 223232K, used 4794K [0x00000000d5580000, 0x00000000e4400000, 0x0000000100000000)
  eden space 203776K, 0% used [0x00000000d5580000,0x00000000d5580000,0x00000000e1c80000)
  from space 19456K, 24% used [0x00000000e1c80000,0x00000000e212e858,0x00000000e2f80000)
  to   space 13824K, 0% used [0x00000000e2f80000,0x00000000e2f80000,0x00000000e3d00000)
 ParOldGen       total 73216K, used 38625K [0x0000000080000000, 0x0000000084780000, 0x00000000d5580000)
  object space 73216K, 52% used [0x0000000080000000,0x00000000825b8530,0x0000000084780000)
 Metaspace       used 56771K, capacity 59086K, committed 59160K, reserved 1099776K
  class space    used 7748K, capacity 8219K, committed 8232K, reserved 1048576K
Event: 38.398 GC heap after
Heap after GC invocations=14 (full 3):
 PSYoungGen      total 223232K, used 0K [0x00000000d5580000, 0x00000000e4400000, 0x0000000100000000)
  eden space 203776K, 0% used [0x00000000d5580000,0x00000000d5580000,0x00000000e1c80000)
  from space 19456K, 0% used [0x00000000e1c80000,0x00000000e1c80000,0x00000000e2f80000)
  to   space 13824K, 0% used [0x00000000e2f80000,0x00000000e2f80000,0x00000000e3d00000)
 ParOldGen       total 73216K, used 41269K [0x0000000080000000, 0x0000000084780000, 0x00000000d5580000)
  object space 73216K, 56% used [0x0000000080000000,0x000000008284d598,0x0000000084780000)
 Metaspace       used 56751K, capacity 59020K, committed 59160K, reserved 1099776K
  class space    used 7742K, capacity 8208K, committed 8232K, reserved 1048576K
}
Event: 51.260 GC heap before
{Heap before GC invocations=15 (full 3):
 PSYoungGen      total 223232K, used 203776K [0x00000000d5580000, 0x00000000e4400000, 0x0000000100000000)
  eden space 203776K, 100% used [0x00000000d5580000,0x00000000e1c80000,0x00000000e1c80000)
  from space 19456K, 0% used [0x00000000e1c80000,0x00000000e1c80000,0x00000000e2f80000)
  to   space 13824K, 0% used [0x00000000e2f80000,0x00000000e2f80000,0x00000000e3d00000)
 ParOldGen       total 73216K, used 41269K [0x0000000080000000, 0x0000000084780000, 0x00000000d5580000)
  object space 73216K, 56% used [0x0000000080000000,0x000000008284d598,0x0000000084780000)
 Metaspace       used 63822K, capacity 66750K, committed 66968K, reserved 1107968K
  class space    used 8763K, capacity 9317K, committed 9384K, reserved 1048576K
Event: 51.311 GC heap after
Heap after GC invocations=15 (full 3):
 PSYoungGen      total 215552K, used 13801K [0x00000000d5580000, 0x00000000e7a80000, 0x0000000100000000)
  eden space 201728K, 0% used [0x00000000d5580000,0x00000000d5580000,0x00000000e1a80000)
  from space 13824K, 99% used [0x00000000e2f80000,0x00000000e3cfa708,0x00000000e3d00000)
  to   space 21504K, 0% used [0x00000000e1a80000,0x00000000e1a80000,0x00000000e2f80000)
 ParOldGen       total 73216K, used 44545K [0x0000000080000000, 0x0000000084780000, 0x00000000d5580000)
  object space 73216K, 60% used [0x0000000080000000,0x0000000082b80428,0x0000000084780000)
 Metaspace       used 63822K, capacity 66750K, committed 66968K, reserved 1107968K
  class space    used 8763K, capacity 9317K, committed 9384K, reserved 1048576K
}

