# JRE version: OpenJDK Runtime Environment (8.0_242-b01) (build 1.8.0_242-release-1644-b01)
# Java VM: OpenJDK 64-Bit Server VM (25.242-b01 mixed mode windows-amd64 compressed oops)
Heap:
 PSYoungGen      total 122880K, used 69798K [0x00000000d5580000, 0x00000000de000000, 0x0000000100000000)
  eden space 112640K, 52% used [0x00000000d5580000,0x00000000d8faafd0,0x00000000dc380000)
  from space 10240K, 99% used [0x00000000dcc00000,0x00000000dd5feab0,0x00000000dd600000)
  to   space 6656K, 0% used [0x00000000dd980000,0x00000000dd980000,0x00000000de000000)
 ParOldGen       total 63488K, used 24138K [0x0000000080000000, 0x0000000083e00000, 0x00000000d5580000)
  object space 63488K, 38% used [0x0000000080000000,0x0000000081792948,0x0000000083e00000)
 Metaspace       used 51515K, capacity 53592K, committed 53672K, reserved 1095680K
  class space    used 6872K, capacity 7314K, committed 7344K, reserved 1048576K
GC Heap History (10 events):
Event: 22.607 GC heap before
{Heap before GC invocations=11 (full 1):
 PSYoungGen      total 64512K, used 61906K [0x00000000d5580000, 0x00000000dbb00000, 0x0000000100000000)
  eden space 55296K, 100% used [0x00000000d5580000,0x00000000d8b80000,0x00000000d8b80000)
  from space 9216K, 71% used [0x00000000d8b80000,0x00000000d91f4b90,0x00000000d9480000)
  to   space 9728K, 0% used [0x00000000db180000,0x00000000db180000,0x00000000dbb00000)
 ParOldGen       total 41984K, used 6736K [0x0000000080000000, 0x0000000082900000, 0x00000000d5580000)
  object space 41984K, 16% used [0x0000000080000000,0x0000000080694180,0x0000000082900000)
 Metaspace       used 32186K, capacity 33166K, committed 33328K, reserved 1077248K
  class space    used 4381K, capacity 4610K, committed 4656K, reserved 1048576K
Event: 22.635 GC heap after
Heap after GC invocations=11 (full 1):
 PSYoungGen      total 93184K, used 8429K [0x00000000d5580000, 0x00000000dbb00000, 0x0000000100000000)
  eden space 83456K, 0% used [0x00000000d5580000,0x00000000d5580000,0x00000000da700000)
  from space 9728K, 86% used [0x00000000db180000,0x00000000db9bb580,0x00000000dbb00000)
  to   space 10240K, 0% used [0x00000000da700000,0x00000000da700000,0x00000000db100000)
 ParOldGen       total 41984K, used 6744K [0x0000000080000000, 0x0000000082900000, 0x00000000d5580000)
  object space 41984K, 16% used [0x0000000080000000,0x0000000080696180,0x0000000082900000)
 Metaspace       used 32186K, capacity 33166K, committed 33328K, reserved 1077248K
  class space    used 4381K, capacity 4610K, committed 4656K, reserved 1048576K
}
Event: 26.025 GC heap before
{Heap before GC invocations=12 (full 1):
 PSYoungGen      total 93184K, used 57878K [0x00000000d5580000, 0x00000000dbb00000, 0x0000000100000000)
  eden space 83456K, 59% used [0x00000000d5580000,0x00000000d85ca2c0,0x00000000da700000)
  from space 9728K, 86% used [0x00000000db180000,0x00000000db9bb580,0x00000000dbb00000)
  to   space 10240K, 0% used [0x00000000da700000,0x00000000da700000,0x00000000db100000)
 ParOldGen       total 41984K, used 6744K [0x0000000080000000, 0x0000000082900000, 0x00000000d5580000)
  object space 41984K, 16% used [0x0000000080000000,0x0000000080696180,0x0000000082900000)
 Metaspace       used 34277K, capacity 35412K, committed 35496K, reserved 1079296K
  class space    used 4706K, capacity 5001K, committed 5040K, reserved 1048576K
Event: 26.076 GC heap after
Heap after GC invocations=12 (full 1):
 PSYoungGen      total 93696K, used 3721K [0x00000000d5580000, 0x00000000de380000, 0x0000000100000000)
  eden space 83456K, 0% used [0x00000000d5580000,0x00000000d5580000,0x00000000da700000)
  from space 10240K, 36% used [0x00000000da700000,0x00000000daaa2488,0x00000000db100000)
  to   space 10240K, 0% used [0x00000000dd980000,0x00000000dd980000,0x00000000de380000)
 ParOldGen       total 41984K, used 11634K [0x0000000080000000, 0x0000000082900000, 0x00000000d5580000)
  object space 41984K, 27% used [0x0000000080000000,0x0000000080b5cb10,0x0000000082900000)
 Metaspace       used 34277K, capacity 35412K, committed 35496K, reserved 1079296K
  class space    used 4706K, capacity 5001K, committed 5040K, reserved 1048576K
}
Event: 26.076 GC heap before
{Heap before GC invocations=13 (full 2):
 PSYoungGen      total 93696K, used 3721K [0x00000000d5580000, 0x00000000de380000, 0x0000000100000000)
  eden space 83456K, 0% used [0x00000000d5580000,0x00000000d5580000,0x00000000da700000)
  from space 10240K, 36% used [0x00000000da700000,0x00000000daaa2488,0x00000000db100000)
  to   space 10240K, 0% used [0x00000000dd980000,0x00000000dd980000,0x00000000de380000)
 ParOldGen       total 41984K, used 11634K [0x0000000080000000, 0x0000000082900000, 0x00000000d5580000)
  object space 41984K, 27% used [0x0000000080000000,0x0000000080b5cb10,0x0000000082900000)
 Metaspace       used 34277K, capacity 35412K, committed 35496K, reserved 1079296K
  class space    used 4706K, capacity 5001K, committed 5040K, reserved 1048576K
Event: 26.401 GC heap after
Heap after GC invocations=13 (full 2):
 PSYoungGen      total 93696K, used 0K [0x00000000d5580000, 0x00000000de380000, 0x0000000100000000)
  eden space 83456K, 0% used [0x00000000d5580000,0x00000000d5580000,0x00000000da700000)
  from space 10240K, 0% used [0x00000000da700000,0x00000000da700000,0x00000000db100000)
  to   space 10240K, 0% used [0x00000000dd980000,0x00000000dd980000,0x00000000de380000)
 ParOldGen       total 63488K, used 14963K [0x0000000080000000, 0x0000000083e00000, 0x00000000d5580000)
  object space 63488K, 23% used [0x0000000080000000,0x0000000080e9cce0,0x0000000083e00000)
 Metaspace       used 34277K, capacity 35412K, committed 35496K, reserved 1079296K
  class space    used 4706K, capacity 5001K, committed 5040K, reserved 1048576K
}
Event: 30.011 GC heap before
{Heap before GC invocations=14 (full 2):
 PSYoungGen      total 93696K, used 83456K [0x00000000d5580000, 0x00000000de380000, 0x0000000100000000)
  eden space 83456K, 100% used [0x00000000d5580000,0x00000000da700000,0x00000000da700000)
  from space 10240K, 0% used [0x00000000da700000,0x00000000da700000,0x00000000db100000)
  to   space 10240K, 0% used [0x00000000dd980000,0x00000000dd980000,0x00000000de380000)
 ParOldGen       total 63488K, used 14963K [0x0000000080000000, 0x0000000083e00000, 0x00000000d5580000)
  object space 63488K, 23% used [0x0000000080000000,0x0000000080e9cce0,0x0000000083e00000)
 Metaspace       used 36834K, capacity 38402K, committed 38696K, reserved 1083392K
  class space    used 5052K, capacity 5370K, committed 5424K, reserved 1048576K
Event: 30.053 GC heap after
Heap after GC invocations=14 (full 2):
 PSYoungGen      total 119296K, used 6627K [0x00000000d5580000, 0x00000000de000000, 0x0000000100000000)
  eden space 112640K, 0% used [0x00000000d5580000,0x00000000d5580000,0x00000000dc380000)
  from space 6656K, 99% used [0x00000000dd980000,0x00000000ddff8dc8,0x00000000de000000)
  to   space 10240K, 0% used [0x00000000dcc00000,0x00000000dcc00000,0x00000000dd600000)
 ParOldGen       total 63488K, used 14971K [0x0000000080000000, 0x0000000083e00000, 0x00000000d5580000)
  object space 63488K, 23% used [0x0000000080000000,0x0000000080e9ece0,0x0000000083e00000)
 Metaspace       used 36834K, capacity 38402K, committed 38696K, reserved 1083392K
  class space    used 5052K, capacity 5370K, committed 5424K, reserved 1048576K
}
Event: 36.896 GC heap before
{Heap before GC invocations=15 (full 2):
 PSYoungGen      total 119296K, used 119267K [0x00000000d5580000, 0x00000000de000000, 0x0000000100000000)
  eden space 112640K, 100% used [0x00000000d5580000,0x00000000dc380000,0x00000000dc380000)
  from space 6656K, 99% used [0x00000000dd980000,0x00000000ddff8dc8,0x00000000de000000)
  to   space 10240K, 0% used [0x00000000dcc00000,0x00000000dcc00000,0x00000000dd600000)
 ParOldGen       total 63488K, used 14971K [0x0000000080000000, 0x0000000083e00000, 0x00000000d5580000)
  object space 63488K, 23% used [0x0000000080000000,0x0000000080e9ece0,0x0000000083e00000)
 Metaspace       used 47977K, capacity 49878K, committed 50088K, reserved 1093632K
  class space    used 6449K, capacity 6814K, committed 6832K, reserved 1048576K
Event: 36.975 GC heap after
Heap after GC invocations=15 (full 2):
 PSYoungGen      total 122880K, used 10234K [0x00000000d5580000, 0x00000000de000000, 0x0000000100000000)
  eden space 112640K, 0% used [0x00000000d5580000,0x00000000d5580000,0x00000000dc380000)
  from space 10240K, 99% used [0x00000000dcc00000,0x00000000dd5feab0,0x00000000dd600000)
  to   space 6656K, 0% used [0x00000000dd980000,0x00000000dd980000,0x00000000de000000)
 ParOldGen       total 63488K, used 24138K [0x0000000080000000, 0x0000000083e00000, 0x00000000d5580000)
  object space 63488K, 38% used [0x0000000080000000,0x0000000081792948,0x0000000083e00000)
 Metaspace       used 47977K, capacity 49878K, committed 50088K, reserved 1093632K
  class space    used 6449K, capacity 6814K, committed 6832K, reserved 1048576K
}

