# JRE version: OpenJDK Runtime Environment (8.0_242-b01) (build 1.8.0_242-release-1644-b01)
# Java VM: OpenJDK 64-Bit Server VM (25.242-b01 mixed mode windows-amd64 compressed oops)
Heap:
 PSYoungGen      total 214016K, used 48542K [0x00000000d5580000, 0x00000000e8e80000, 0x0000000100000000)
  eden space 196608K, 24% used [0x00000000d5580000,0x00000000d84e7878,0x00000000e1580000)
  from space 17408K, 0% used [0x00000000e1580000,0x00000000e1580000,0x00000000e2680000)
  to   space 16896K, 0% used [0x00000000e7e00000,0x00000000e7e00000,0x00000000e8e80000)
 ParOldGen       total 99328K, used 36074K [0x0000000080000000, 0x0000000086100000, 0x00000000d5580000)
  object space 99328K, 36% used [0x0000000080000000,0x000000008233ab30,0x0000000086100000)
 Metaspace       used 60360K, capacity 62750K, committed 62872K, reserved 1103872K
  class space    used 8341K, capacity 8855K, committed 8880K, reserved 1048576K
GC Heap History (10 events):
Event: 38.582 GC heap before
{Heap before GC invocations=12 (full 2):
 PSYoungGen      total 147456K, used 4497K [0x00000000d5580000, 0x00000000e1180000, 0x0000000100000000)
  eden space 136192K, 0% used [0x00000000d5580000,0x00000000d5580000,0x00000000dda80000)
  from space 11264K, 39% used [0x00000000de580000,0x00000000de9e4490,0x00000000df080000)
  to   space 11264K, 0% used [0x00000000dda80000,0x00000000dda80000,0x00000000de580000)
 ParOldGen       total 49152K, used 13634K [0x0000000080000000, 0x0000000083000000, 0x00000000d5580000)
  object space 49152K, 27% used [0x0000000080000000,0x0000000080d50828,0x0000000083000000)
 Metaspace       used 34267K, capacity 35412K, committed 35496K, reserved 1079296K
  class space    used 4712K, capacity 5001K, committed 5040K, reserved 1048576K
Event: 38.748 GC heap after
Heap after GC invocations=12 (full 2):
 PSYoungGen      total 147456K, used 0K [0x00000000d5580000, 0x00000000e1180000, 0x0000000100000000)
  eden space 136192K, 0% used [0x00000000d5580000,0x00000000d5580000,0x00000000dda80000)
  from space 11264K, 0% used [0x00000000de580000,0x00000000de580000,0x00000000df080000)
  to   space 11264K, 0% used [0x00000000dda80000,0x00000000dda80000,0x00000000de580000)
 ParOldGen       total 61440K, used 13667K [0x0000000080000000, 0x0000000083c00000, 0x00000000d5580000)
  object space 61440K, 22% used [0x0000000080000000,0x0000000080d58ea0,0x0000000083c00000)
 Metaspace       used 34267K, capacity 35412K, committed 35496K, reserved 1079296K
  class space    used 4712K, capacity 5001K, committed 5040K, reserved 1048576K
}
Event: 46.195 GC heap before
{Heap before GC invocations=13 (full 2):
 PSYoungGen      total 147456K, used 136192K [0x00000000d5580000, 0x00000000e1180000, 0x0000000100000000)
  eden space 136192K, 100% used [0x00000000d5580000,0x00000000dda80000,0x00000000dda80000)
  from space 11264K, 0% used [0x00000000de580000,0x00000000de580000,0x00000000df080000)
  to   space 11264K, 0% used [0x00000000dda80000,0x00000000dda80000,0x00000000de580000)
 ParOldGen       total 61440K, used 13667K [0x0000000080000000, 0x0000000083c00000, 0x00000000d5580000)
  object space 61440K, 22% used [0x0000000080000000,0x0000000080d58ea0,0x0000000083c00000)
 Metaspace       used 39991K, capacity 41716K, committed 41768K, reserved 1085440K
  class space    used 5500K, capacity 5897K, committed 5936K, reserved 1048576K
Event: 46.231 GC heap after
Heap after GC invocations=13 (full 2):
 PSYoungGen      total 147456K, used 10478K [0x00000000d5580000, 0x00000000e3280000, 0x0000000100000000)
  eden space 136192K, 0% used [0x00000000d5580000,0x00000000d5580000,0x00000000dda80000)
  from space 11264K, 93% used [0x00000000dda80000,0x00000000de4bb930,0x00000000de580000)
  to   space 12288K, 0% used [0x00000000e2680000,0x00000000e2680000,0x00000000e3280000)
 ParOldGen       total 61440K, used 13675K [0x0000000080000000, 0x0000000083c00000, 0x00000000d5580000)
  object space 61440K, 22% used [0x0000000080000000,0x0000000080d5aea0,0x0000000083c00000)
 Metaspace       used 39991K, capacity 41716K, committed 41768K, reserved 1085440K
  class space    used 5500K, capacity 5897K, committed 5936K, reserved 1048576K
}
Event: 56.004 GC heap before
{Heap before GC invocations=14 (full 2):
 PSYoungGen      total 147456K, used 146670K [0x00000000d5580000, 0x00000000e3280000, 0x0000000100000000)
  eden space 136192K, 100% used [0x00000000d5580000,0x00000000dda80000,0x00000000dda80000)
  from space 11264K, 93% used [0x00000000dda80000,0x00000000de4bb930,0x00000000de580000)
  to   space 12288K, 0% used [0x00000000e2680000,0x00000000e2680000,0x00000000e3280000)
 ParOldGen       total 61440K, used 13675K [0x0000000080000000, 0x0000000083c00000, 0x00000000d5580000)
  object space 61440K, 22% used [0x0000000080000000,0x0000000080d5aea0,0x0000000083c00000)
 Metaspace       used 51103K, capacity 53154K, committed 53416K, reserved 1095680K
  class space    used 6824K, capacity 7237K, committed 7344K, reserved 1048576K
Event: 56.349 GC heap after
Heap after GC invocations=14 (full 2):
 PSYoungGen      total 208896K, used 12282K [0x00000000d5580000, 0x00000000e3c00000, 0x0000000100000000)
  eden space 196608K, 0% used [0x00000000d5580000,0x00000000d5580000,0x00000000e1580000)
  from space 12288K, 99% used [0x00000000e2680000,0x00000000e327ea58,0x00000000e3280000)
  to   space 17408K, 0% used [0x00000000e1580000,0x00000000e1580000,0x00000000e2680000)
 ParOldGen       total 61440K, used 23070K [0x0000000080000000, 0x0000000083c00000, 0x00000000d5580000)
  object space 61440K, 37% used [0x0000000080000000,0x00000000816878a8,0x0000000083c00000)
 Metaspace       used 51103K, capacity 53154K, committed 53416K, reserved 1095680K
  class space    used 6824K, capacity 7237K, committed 7344K, reserved 1048576K
}
Event: 65.752 GC heap before
{Heap before GC invocations=15 (full 2):
 PSYoungGen      total 208896K, used 95736K [0x00000000d5580000, 0x00000000e3c00000, 0x0000000100000000)
  eden space 196608K, 42% used [0x00000000d5580000,0x00000000da6ff810,0x00000000e1580000)
  from space 12288K, 99% used [0x00000000e2680000,0x00000000e327ea58,0x00000000e3280000)
  to   space 17408K, 0% used [0x00000000e1580000,0x00000000e1580000,0x00000000e2680000)
 ParOldGen       total 61440K, used 23070K [0x0000000080000000, 0x0000000083c00000, 0x00000000d5580000)
  object space 61440K, 37% used [0x0000000080000000,0x00000000816878a8,0x0000000083c00000)
 Metaspace       used 56872K, capacity 59128K, committed 59160K, reserved 1099776K
  class space    used 7768K, capacity 8214K, committed 8240K, reserved 1048576K
Event: 65.870 GC heap after
Heap after GC invocations=15 (full 2):
 PSYoungGen      total 214016K, used 9411K [0x00000000d5580000, 0x00000000e8e80000, 0x0000000100000000)
  eden space 196608K, 0% used [0x00000000d5580000,0x00000000d5580000,0x00000000e1580000)
  from space 17408K, 54% used [0x00000000e1580000,0x00000000e1eb0ee8,0x00000000e2680000)
  to   space 16896K, 0% used [0x00000000e7e00000,0x00000000e7e00000,0x00000000e8e80000)
 ParOldGen       total 61440K, used 32423K [0x0000000080000000, 0x0000000083c00000, 0x00000000d5580000)
  object space 61440K, 52% used [0x0000000080000000,0x0000000081fa9e60,0x0000000083c00000)
 Metaspace       used 56872K, capacity 59128K, committed 59160K, reserved 1099776K
  class space    used 7768K, capacity 8214K, committed 8240K, reserved 1048576K
}
Event: 65.870 GC heap before
{Heap before GC invocations=16 (full 3):
 PSYoungGen      total 214016K, used 9411K [0x00000000d5580000, 0x00000000e8e80000, 0x0000000100000000)
  eden space 196608K, 0% used [0x00000000d5580000,0x00000000d5580000,0x00000000e1580000)
  from space 17408K, 54% used [0x00000000e1580000,0x00000000e1eb0ee8,0x00000000e2680000)
  to   space 16896K, 0% used [0x00000000e7e00000,0x00000000e7e00000,0x00000000e8e80000)
 ParOldGen       total 61440K, used 32423K [0x0000000080000000, 0x0000000083c00000, 0x00000000d5580000)
  object space 61440K, 52% used [0x0000000080000000,0x0000000081fa9e60,0x0000000083c00000)
 Metaspace       used 56872K, capacity 59128K, committed 59160K, reserved 1099776K
  class space    used 7768K, capacity 8214K, committed 8240K, reserved 1048576K
Event: 67.024 GC heap after
Heap after GC invocations=16 (full 3):
 PSYoungGen      total 214016K, used 0K [0x00000000d5580000, 0x00000000e8e80000, 0x0000000100000000)
  eden space 196608K, 0% used [0x00000000d5580000,0x00000000d5580000,0x00000000e1580000)
  from space 17408K, 0% used [0x00000000e1580000,0x00000000e1580000,0x00000000e2680000)
  to   space 16896K, 0% used [0x00000000e7e00000,0x00000000e7e00000,0x00000000e8e80000)
 ParOldGen       total 99328K, used 36074K [0x0000000080000000, 0x0000000086100000, 0x00000000d5580000)
  object space 99328K, 36% used [0x0000000080000000,0x000000008233ab30,0x0000000086100000)
 Metaspace       used 56861K, capacity 59092K, committed 59160K, reserved 1099776K
  class space    used 7765K, capacity 8208K, committed 8240K, reserved 1048576K
}

