# JRE version: OpenJDK Runtime Environment (8.0_242-b01) (build 1.8.0_242-release-1644-b01)
# Java VM: OpenJDK 64-Bit Server VM (25.242-b01 mixed mode windows-amd64 compressed oops)
Heap:
 PSYoungGen      total 178176K, used 2968K [0x00000000d5580000, 0x00000000e1580000, 0x0000000100000000)
  eden space 161792K, 1% used [0x00000000d5580000,0x00000000d5866218,0x00000000df380000)
  from space 16384K, 0% used [0x00000000df380000,0x00000000df380000,0x00000000e0380000)
  to   space 11776K, 0% used [0x00000000e0380000,0x00000000e0380000,0x00000000e0f00000)
 ParOldGen       total 117248K, used 36268K [0x0000000080000000, 0x0000000087280000, 0x00000000d5580000)
  object space 117248K, 30% used [0x0000000080000000,0x000000008236b118,0x0000000087280000)
 Metaspace       used 57018K, capacity 59374K, committed 59544K, reserved 1099776K
  class space    used 7813K, capacity 8305K, committed 8368K, reserved 1048576K
GC Heap History (10 events):
Event: 17.569 GC heap before
{Heap before GC invocations=12 (full 2):
 PSYoungGen      total 134144K, used 4752K [0x00000000d5580000, 0x00000000e0a00000, 0x0000000100000000)
  eden space 122880K, 0% used [0x00000000d5580000,0x00000000d5580000,0x00000000dcd80000)
  from space 11264K, 42% used [0x00000000dd880000,0x00000000ddd242b0,0x00000000de380000)
  to   space 11264K, 0% used [0x00000000dcd80000,0x00000000dcd80000,0x00000000dd880000)
 ParOldGen       total 51712K, used 13278K [0x0000000080000000, 0x0000000083280000, 0x00000000d5580000)
  object space 51712K, 25% used [0x0000000080000000,0x0000000080cf7a88,0x0000000083280000)
 Metaspace       used 34286K, capacity 35408K, committed 35496K, reserved 1079296K
  class space    used 4719K, capacity 5001K, committed 5040K, reserved 1048576K
Event: 17.729 GC heap after
Heap after GC invocations=12 (full 2):
 PSYoungGen      total 134144K, used 0K [0x00000000d5580000, 0x00000000e0a00000, 0x0000000100000000)
  eden space 122880K, 0% used [0x00000000d5580000,0x00000000d5580000,0x00000000dcd80000)
  from space 11264K, 0% used [0x00000000dd880000,0x00000000dd880000,0x00000000de380000)
  to   space 11264K, 0% used [0x00000000dcd80000,0x00000000dcd80000,0x00000000dd880000)
 ParOldGen       total 71680K, used 13881K [0x0000000080000000, 0x0000000084600000, 0x00000000d5580000)
  object space 71680K, 19% used [0x0000000080000000,0x0000000080d8e5a0,0x0000000084600000)
 Metaspace       used 34286K, capacity 35408K, committed 35496K, reserved 1079296K
  class space    used 4719K, capacity 5001K, committed 5040K, reserved 1048576K
}
Event: 21.350 GC heap before
{Heap before GC invocations=13 (full 2):
 PSYoungGen      total 134144K, used 122880K [0x00000000d5580000, 0x00000000e0a00000, 0x0000000100000000)
  eden space 122880K, 100% used [0x00000000d5580000,0x00000000dcd80000,0x00000000dcd80000)
  from space 11264K, 0% used [0x00000000dd880000,0x00000000dd880000,0x00000000de380000)
  to   space 11264K, 0% used [0x00000000dcd80000,0x00000000dcd80000,0x00000000dd880000)
 ParOldGen       total 71680K, used 13881K [0x0000000080000000, 0x0000000084600000, 0x00000000d5580000)
  object space 71680K, 19% used [0x0000000080000000,0x0000000080d8e5a0,0x0000000084600000)
 Metaspace       used 38904K, capacity 40628K, committed 40872K, reserved 1085440K
  class space    used 5361K, capacity 5729K, committed 5808K, reserved 1048576K
Event: 21.374 GC heap after
Heap after GC invocations=13 (full 2):
 PSYoungGen      total 134144K, used 9511K [0x00000000d5580000, 0x00000000e0f00000, 0x0000000100000000)
  eden space 122880K, 0% used [0x00000000d5580000,0x00000000d5580000,0x00000000dcd80000)
  from space 11264K, 84% used [0x00000000dcd80000,0x00000000dd6c9c30,0x00000000dd880000)
  to   space 11776K, 0% used [0x00000000e0380000,0x00000000e0380000,0x00000000e0f00000)
 ParOldGen       total 71680K, used 13889K [0x0000000080000000, 0x0000000084600000, 0x00000000d5580000)
  object space 71680K, 19% used [0x0000000080000000,0x0000000080d905a0,0x0000000084600000)
 Metaspace       used 38904K, capacity 40628K, committed 40872K, reserved 1085440K
  class space    used 5361K, capacity 5729K, committed 5808K, reserved 1048576K
}
Event: 26.091 GC heap before
{Heap before GC invocations=14 (full 2):
 PSYoungGen      total 134144K, used 132391K [0x00000000d5580000, 0x00000000e0f00000, 0x0000000100000000)
  eden space 122880K, 100% used [0x00000000d5580000,0x00000000dcd80000,0x00000000dcd80000)
  from space 11264K, 84% used [0x00000000dcd80000,0x00000000dd6c9c30,0x00000000dd880000)
  to   space 11776K, 0% used [0x00000000e0380000,0x00000000e0380000,0x00000000e0f00000)
 ParOldGen       total 71680K, used 13889K [0x0000000080000000, 0x0000000084600000, 0x00000000d5580000)
  object space 71680K, 19% used [0x0000000080000000,0x0000000080d905a0,0x0000000084600000)
 Metaspace       used 50843K, capacity 52814K, committed 53032K, reserved 1095680K
  class space    used 6790K, capacity 7167K, committed 7216K, reserved 1048576K
Event: 26.149 GC heap after
Heap after GC invocations=14 (full 2):
 PSYoungGen      total 173568K, used 11755K [0x00000000d5580000, 0x00000000e1580000, 0x0000000100000000)
  eden space 161792K, 0% used [0x00000000d5580000,0x00000000d5580000,0x00000000df380000)
  from space 11776K, 99% used [0x00000000e0380000,0x00000000e0efac60,0x00000000e0f00000)
  to   space 16384K, 0% used [0x00000000df380000,0x00000000df380000,0x00000000e0380000)
 ParOldGen       total 71680K, used 22645K [0x0000000080000000, 0x0000000084600000, 0x00000000d5580000)
  object space 71680K, 31% used [0x0000000080000000,0x000000008161d748,0x0000000084600000)
 Metaspace       used 50843K, capacity 52814K, committed 53032K, reserved 1095680K
  class space    used 6790K, capacity 7167K, committed 7216K, reserved 1048576K
}
Event: 32.313 GC heap before
{Heap before GC invocations=15 (full 2):
 PSYoungGen      total 173568K, used 117328K [0x00000000d5580000, 0x00000000e1580000, 0x0000000100000000)
  eden space 161792K, 65% used [0x00000000d5580000,0x00000000dbc99758,0x00000000df380000)
  from space 11776K, 99% used [0x00000000e0380000,0x00000000e0efac60,0x00000000e0f00000)
  to   space 16384K, 0% used [0x00000000df380000,0x00000000df380000,0x00000000e0380000)
 ParOldGen       total 71680K, used 22645K [0x0000000080000000, 0x0000000084600000, 0x00000000d5580000)
  object space 71680K, 31% used [0x0000000080000000,0x000000008161d748,0x0000000084600000)
 Metaspace       used 56860K, capacity 59088K, committed 59160K, reserved 1099776K
  class space    used 7774K, capacity 8220K, committed 8240K, reserved 1048576K
Event: 32.381 GC heap after
Heap after GC invocations=15 (full 2):
 PSYoungGen      total 178176K, used 11281K [0x00000000d5580000, 0x00000000e1580000, 0x0000000100000000)
  eden space 161792K, 0% used [0x00000000d5580000,0x00000000d5580000,0x00000000df380000)
  from space 16384K, 68% used [0x00000000df380000,0x00000000dfe84508,0x00000000e0380000)
  to   space 11776K, 0% used [0x00000000e0380000,0x00000000e0380000,0x00000000e0f00000)
 ParOldGen       total 71680K, used 30445K [0x0000000080000000, 0x0000000084600000, 0x00000000d5580000)
  object space 71680K, 42% used [0x0000000080000000,0x0000000081dbb458,0x0000000084600000)
 Metaspace       used 56860K, capacity 59088K, committed 59160K, reserved 1099776K
  class space    used 7774K, capacity 8220K, committed 8240K, reserved 1048576K
}
Event: 32.381 GC heap before
{Heap before GC invocations=16 (full 3):
 PSYoungGen      total 178176K, used 11281K [0x00000000d5580000, 0x00000000e1580000, 0x0000000100000000)
  eden space 161792K, 0% used [0x00000000d5580000,0x00000000d5580000,0x00000000df380000)
  from space 16384K, 68% used [0x00000000df380000,0x00000000dfe84508,0x00000000e0380000)
  to   space 11776K, 0% used [0x00000000e0380000,0x00000000e0380000,0x00000000e0f00000)
 ParOldGen       total 71680K, used 30445K [0x0000000080000000, 0x0000000084600000, 0x00000000d5580000)
  object space 71680K, 42% used [0x0000000080000000,0x0000000081dbb458,0x0000000084600000)
 Metaspace       used 56860K, capacity 59088K, committed 59160K, reserved 1099776K
  class space    used 7774K, capacity 8220K, committed 8240K, reserved 1048576K
Event: 33.070 GC heap after
Heap after GC invocations=16 (full 3):
 PSYoungGen      total 178176K, used 0K [0x00000000d5580000, 0x00000000e1580000, 0x0000000100000000)
  eden space 161792K, 0% used [0x00000000d5580000,0x00000000d5580000,0x00000000df380000)
  from space 16384K, 0% used [0x00000000df380000,0x00000000df380000,0x00000000e0380000)
  to   space 11776K, 0% used [0x00000000e0380000,0x00000000e0380000,0x00000000e0f00000)
 ParOldGen       total 117248K, used 36268K [0x0000000080000000, 0x0000000087280000, 0x00000000d5580000)
  object space 117248K, 30% used [0x0000000080000000,0x000000008236b118,0x0000000087280000)
 Metaspace       used 56839K, capacity 59016K, committed 59160K, reserved 1099776K
  class space    used 7768K, capacity 8208K, committed 8240K, reserved 1048576K
}

