# JRE version: OpenJDK Runtime Environment (8.0_242-b01) (build 1.8.0_242-release-1644-b01)
# Java VM: OpenJDK 64-Bit Server VM (25.242-b01 mixed mode windows-amd64 compressed oops)
Heap:
 PSYoungGen      total 195072K, used 181505K [0x00000000d5580000, 0x00000000e2f00000, 0x0000000100000000)
  eden space 181248K, 92% used [0x00000000d5580000,0x00000000df995ab8,0x00000000e0680000)
  from space 13824K, 97% used [0x00000000e2180000,0x00000000e2eaab20,0x00000000e2f00000)
  to   space 17920K, 0% used [0x00000000e0c00000,0x00000000e0c00000,0x00000000e1d80000)
 ParOldGen       total 123904K, used 36398K [0x0000000080000000, 0x0000000087900000, 0x00000000d5580000)
  object space 123904K, 29% used [0x0000000080000000,0x000000008238b9e0,0x0000000087900000)
 Metaspace       used 70081K, capacity 73482K, committed 73752K, reserved 1112064K
  class space    used 9560K, capacity 10188K, committed 10288K, reserved 1048576K
GC Heap History (10 events):
Event: 22.470 GC heap before
{Heap before GC invocations=13 (full 2):
 PSYoungGen      total 126976K, used 115712K [0x00000000d5580000, 0x00000000e0480000, 0x0000000100000000)
  eden space 115712K, 100% used [0x00000000d5580000,0x00000000dc680000,0x00000000dc680000)
  from space 11264K, 0% used [0x00000000dd180000,0x00000000dd180000,0x00000000ddc80000)
  to   space 11264K, 0% used [0x00000000dc680000,0x00000000dc680000,0x00000000dd180000)
 ParOldGen       total 76288K, used 14000K [0x0000000080000000, 0x0000000084a80000, 0x00000000d5580000)
  object space 76288K, 18% used [0x0000000080000000,0x0000000080dac3d0,0x0000000084a80000)
 Metaspace       used 38520K, capacity 40110K, committed 40232K, reserved 1083392K
  class space    used 5294K, capacity 5632K, committed 5680K, reserved 1048576K
Event: 22.501 GC heap after
Heap after GC invocations=13 (full 2):
 PSYoungGen      total 126976K, used 9120K [0x00000000d5580000, 0x00000000e0280000, 0x0000000100000000)
  eden space 115712K, 0% used [0x00000000d5580000,0x00000000d5580000,0x00000000dc680000)
  from space 11264K, 80% used [0x00000000dc680000,0x00000000dcf68260,0x00000000dd180000)
  to   space 11776K, 0% used [0x00000000df700000,0x00000000df700000,0x00000000e0280000)
 ParOldGen       total 76288K, used 14008K [0x0000000080000000, 0x0000000084a80000, 0x00000000d5580000)
  object space 76288K, 18% used [0x0000000080000000,0x0000000080dae3d0,0x0000000084a80000)
 Metaspace       used 38520K, capacity 40110K, committed 40232K, reserved 1083392K
  class space    used 5294K, capacity 5632K, committed 5680K, reserved 1048576K
}
Event: 28.028 GC heap before
{Heap before GC invocations=14 (full 2):
 PSYoungGen      total 126976K, used 124832K [0x00000000d5580000, 0x00000000e0280000, 0x0000000100000000)
  eden space 115712K, 100% used [0x00000000d5580000,0x00000000dc680000,0x00000000dc680000)
  from space 11264K, 80% used [0x00000000dc680000,0x00000000dcf68260,0x00000000dd180000)
  to   space 11776K, 0% used [0x00000000df700000,0x00000000df700000,0x00000000e0280000)
 ParOldGen       total 76288K, used 14008K [0x0000000080000000, 0x0000000084a80000, 0x00000000d5580000)
  object space 76288K, 18% used [0x0000000080000000,0x0000000080dae3d0,0x0000000084a80000)
 Metaspace       used 50616K, capacity 52560K, committed 52776K, reserved 1095680K
  class space    used 6744K, capacity 7128K, committed 7216K, reserved 1048576K
Event: 28.083 GC heap after
Heap after GC invocations=14 (full 2):
 PSYoungGen      total 161280K, used 11767K [0x00000000d5580000, 0x00000000e0800000, 0x0000000100000000)
  eden space 149504K, 0% used [0x00000000d5580000,0x00000000d5580000,0x00000000de780000)
  from space 11776K, 99% used [0x00000000df700000,0x00000000e027df78,0x00000000e0280000)
  to   space 15872K, 0% used [0x00000000de780000,0x00000000de780000,0x00000000df700000)
 ParOldGen       total 76288K, used 21766K [0x0000000080000000, 0x0000000084a80000, 0x00000000d5580000)
  object space 76288K, 28% used [0x0000000080000000,0x00000000815418d8,0x0000000084a80000)
 Metaspace       used 50616K, capacity 52560K, committed 52776K, reserved 1095680K
  class space    used 6744K, capacity 7128K, committed 7216K, reserved 1048576K
}
Event: 37.079 GC heap before
{Heap before GC invocations=15 (full 2):
 PSYoungGen      total 161280K, used 127815K [0x00000000d5580000, 0x00000000e0800000, 0x0000000100000000)
  eden space 149504K, 77% used [0x00000000d5580000,0x00000000dc6d3f10,0x00000000de780000)
  from space 11776K, 99% used [0x00000000df700000,0x00000000e027df78,0x00000000e0280000)
  to   space 15872K, 0% used [0x00000000de780000,0x00000000de780000,0x00000000df700000)
 ParOldGen       total 76288K, used 21766K [0x0000000080000000, 0x0000000084a80000, 0x00000000d5580000)
  object space 76288K, 28% used [0x0000000080000000,0x00000000815418d8,0x0000000084a80000)
 Metaspace       used 56827K, capacity 59078K, committed 59160K, reserved 1099776K
  class space    used 7763K, capacity 8217K, committed 8240K, reserved 1048576K
Event: 37.170 GC heap after
Heap after GC invocations=15 (full 2):
 PSYoungGen      total 165376K, used 12530K [0x00000000d5580000, 0x00000000e3200000, 0x0000000100000000)
  eden space 149504K, 0% used [0x00000000d5580000,0x00000000d5580000,0x00000000de780000)
  from space 15872K, 78% used [0x00000000de780000,0x00000000df3bc9f8,0x00000000df700000)
  to   space 16896K, 0% used [0x00000000e2180000,0x00000000e2180000,0x00000000e3200000)
 ParOldGen       total 76288K, used 28671K [0x0000000080000000, 0x0000000084a80000, 0x00000000d5580000)
  object space 76288K, 37% used [0x0000000080000000,0x0000000081bffc20,0x0000000084a80000)
 Metaspace       used 56827K, capacity 59078K, committed 59160K, reserved 1099776K
  class space    used 7763K, capacity 8217K, committed 8240K, reserved 1048576K
}
Event: 37.170 GC heap before
{Heap before GC invocations=16 (full 3):
 PSYoungGen      total 165376K, used 12530K [0x00000000d5580000, 0x00000000e3200000, 0x0000000100000000)
  eden space 149504K, 0% used [0x00000000d5580000,0x00000000d5580000,0x00000000de780000)
  from space 15872K, 78% used [0x00000000de780000,0x00000000df3bc9f8,0x00000000df700000)
  to   space 16896K, 0% used [0x00000000e2180000,0x00000000e2180000,0x00000000e3200000)
 ParOldGen       total 76288K, used 28671K [0x0000000080000000, 0x0000000084a80000, 0x00000000d5580000)
  object space 76288K, 37% used [0x0000000080000000,0x0000000081bffc20,0x0000000084a80000)
 Metaspace       used 56827K, capacity 59078K, committed 59160K, reserved 1099776K
  class space    used 7763K, capacity 8217K, committed 8240K, reserved 1048576K
Event: 37.891 GC heap after
Heap after GC invocations=16 (full 3):
 PSYoungGen      total 165376K, used 0K [0x00000000d5580000, 0x00000000e3200000, 0x0000000100000000)
  eden space 149504K, 0% used [0x00000000d5580000,0x00000000d5580000,0x00000000de780000)
  from space 15872K, 0% used [0x00000000de780000,0x00000000de780000,0x00000000df700000)
  to   space 16896K, 0% used [0x00000000e2180000,0x00000000e2180000,0x00000000e3200000)
 ParOldGen       total 123904K, used 36390K [0x0000000080000000, 0x0000000087900000, 0x00000000d5580000)
  object space 123904K, 29% used [0x0000000080000000,0x00000000823899e0,0x0000000087900000)
 Metaspace       used 56811K, capacity 59024K, committed 59160K, reserved 1099776K
  class space    used 7758K, capacity 8208K, committed 8240K, reserved 1048576K
}
Event: 48.659 GC heap before
{Heap before GC invocations=17 (full 3):
 PSYoungGen      total 165376K, used 149504K [0x00000000d5580000, 0x00000000e3200000, 0x0000000100000000)
  eden space 149504K, 100% used [0x00000000d5580000,0x00000000de780000,0x00000000de780000)
  from space 15872K, 0% used [0x00000000de780000,0x00000000de780000,0x00000000df700000)
  to   space 16896K, 0% used [0x00000000e2180000,0x00000000e2180000,0x00000000e3200000)
 ParOldGen       total 123904K, used 36390K [0x0000000080000000, 0x0000000087900000, 0x00000000d5580000)
  object space 123904K, 29% used [0x0000000080000000,0x00000000823899e0,0x0000000087900000)
 Metaspace       used 63499K, capacity 66436K, committed 66712K, reserved 1105920K
  class space    used 8747K, capacity 9298K, committed 9392K, reserved 1048576K
Event: 48.701 GC heap after
Heap after GC invocations=17 (full 3):
 PSYoungGen      total 195072K, used 13482K [0x00000000d5580000, 0x00000000e2f00000, 0x0000000100000000)
  eden space 181248K, 0% used [0x00000000d5580000,0x00000000d5580000,0x00000000e0680000)
  from space 13824K, 97% used [0x00000000e2180000,0x00000000e2eaab20,0x00000000e2f00000)
  to   space 17920K, 0% used [0x00000000e0c00000,0x00000000e0c00000,0x00000000e1d80000)
 ParOldGen       total 123904K, used 36398K [0x0000000080000000, 0x0000000087900000, 0x00000000d5580000)
  object space 123904K, 29% used [0x0000000080000000,0x000000008238b9e0,0x0000000087900000)
 Metaspace       used 63499K, capacity 66436K, committed 66712K, reserved 1105920K
  class space    used 8747K, capacity 9298K, committed 9392K, reserved 1048576K
}

